Sat Feb 28 14:36:34 UTC 2026: Daily automated update for DevSync compliance.
Sun Mar  1 04:33:42 UTC 2026: Daily automated update for DevSync compliance.
Mon Mar  2 04:26:07 UTC 2026: Daily automated update for DevSync compliance.
Tue Mar  3 04:25:43 UTC 2026: Daily automated update for DevSync compliance.
Wed Mar  4 04:19:05 UTC 2026: Daily automated update for DevSync compliance.
Thu Mar  5 04:23:04 UTC 2026: Daily automated update for DevSync compliance.
Fri Mar  6 04:20:01 UTC 2026: Daily automated update for DevSync compliance.
Sat Mar  7 04:11:10 UTC 2026: Daily automated update for DevSync compliance.
Sun Mar  8 04:22:51 UTC 2026: Daily automated update for DevSync compliance.
Mon Mar  9 04:29:18 UTC 2026: Daily automated update for DevSync compliance.
Tue Mar 10 04:20:42 UTC 2026: Daily automated update for DevSync compliance.
Wed Mar 11 04:20:55 UTC 2026: Daily automated update for DevSync compliance.
Thu Mar 12 04:24:28 UTC 2026: Daily automated update for DevSync compliance.
Fri Mar 13 04:23:24 UTC 2026: Daily automated update for DevSync compliance.
Sat Mar 14 04:21:14 UTC 2026: Daily automated update for DevSync compliance.
Sun Mar 15 04:43:20 UTC 2026: Daily automated update for DevSync compliance.
Mon Mar 16 05:03:20 UTC 2026: Daily automated update for DevSync compliance.
Tue Mar 17 04:28:52 UTC 2026: Daily automated update for DevSync compliance.
Wed Mar 18 04:34:32 UTC 2026: Daily automated update for DevSync compliance.
Thu Mar 19 04:33:54 UTC 2026: Daily automated update for DevSync compliance.
Fri Mar 20 04:24:51 UTC 2026: Daily automated update for DevSync compliance.
Sat Mar 21 04:15:54 UTC 2026: Daily automated update for DevSync compliance.
Sun Mar 22 04:31:33 UTC 2026: Daily automated update for DevSync compliance.
Mon Mar 23 04:40:27 UTC 2026: Daily automated update for DevSync compliance.
Tue Mar 24 04:30:21 UTC 2026: Daily automated update for DevSync compliance.
Wed Mar 25 04:32:07 UTC 2026: Daily automated update for DevSync compliance.
Thu Mar 26 04:44:29 UTC 2026: Daily automated update for DevSync compliance.
Fri Mar 27 04:55:25 UTC 2026: Daily automated update for DevSync compliance.
Sat Mar 28 04:31:35 UTC 2026: Daily automated update for DevSync compliance.
Sun Mar 29 04:58:50 UTC 2026: Daily automated update for DevSync compliance.
Mon Mar 30 05:11:38 UTC 2026: Daily automated update for DevSync compliance.
Tue Mar 31 04:57:58 UTC 2026: Daily automated update for DevSync compliance.
Wed Apr  1 05:10:59 UTC 2026: Daily automated update for DevSync compliance.
Thu Apr  2 04:40:19 UTC 2026: Daily automated update for DevSync compliance.
Fri Apr  3 04:41:13 UTC 2026: Daily automated update for DevSync compliance.
Sat Apr  4 04:29:01 UTC 2026: Daily automated update for DevSync compliance.
Sun Apr  5 04:59:47 UTC 2026: Daily automated update for DevSync compliance.
Mon Apr  6 05:10:05 UTC 2026: Daily automated update for DevSync compliance.
Tue Apr  7 04:57:38 UTC 2026: Daily automated update for DevSync compliance.
Wed Apr  8 04:59:22 UTC 2026: Daily automated update for DevSync compliance.
Thu Apr  9 04:56:23 UTC 2026: Daily automated update for DevSync compliance.
Fri Apr 10 05:11:40 UTC 2026: Daily automated update for DevSync compliance.
Sat Apr 11 04:33:04 UTC 2026: Daily automated update for DevSync compliance.
Sun Apr 12 05:10:28 UTC 2026: Daily automated update for DevSync compliance.
Mon Apr 13 05:26:34 UTC 2026: Daily automated update for DevSync compliance.
Tue Apr 14 05:09:38 UTC 2026: Daily automated update for DevSync compliance.
Wed Apr 15 05:10:22 UTC 2026: Daily automated update for DevSync compliance.
Thu Apr 16 05:15:42 UTC 2026: Daily automated update for DevSync compliance.
Fri Apr 17 05:14:38 UTC 2026: Daily automated update for DevSync compliance.
Sat Apr 18 04:54:44 UTC 2026: Daily automated update for DevSync compliance.
Sun Apr 19 05:14:47 UTC 2026: Daily automated update for DevSync compliance.
Mon Apr 20 05:25:14 UTC 2026: Daily automated update for DevSync compliance.
Tue Apr 21 05:13:13 UTC 2026: Daily automated update for DevSync compliance.
Wed Apr 22 05:11:38 UTC 2026: Daily automated update for DevSync compliance.
Thu Apr 23 05:15:04 UTC 2026: Daily automated update for DevSync compliance.
Fri Apr 24 05:20:20 UTC 2026: Daily automated update for DevSync compliance.
Sat Apr 25 04:58:49 UTC 2026: Daily automated update for DevSync compliance.
Sun Apr 26 05:23:58 UTC 2026: Daily automated update for DevSync compliance.
Mon Apr 27 05:38:16 UTC 2026: Daily automated update for DevSync compliance.
Tue Apr 28 05:43:23 UTC 2026: Daily automated update for DevSync compliance.
Wed Apr 29 05:38:51 UTC 2026: Daily automated update for DevSync compliance.
Thu Apr 30 05:43:16 UTC 2026: Daily automated update for DevSync compliance.
Fri May  1 05:53:00 UTC 2026: Daily automated update for DevSync compliance.
Sat May  2 05:22:17 UTC 2026: Daily automated update for DevSync compliance.
Sun May  3 05:42:14 UTC 2026: Daily automated update for DevSync compliance.
Mon May  4 05:48:04 UTC 2026: Daily automated update for DevSync compliance.
Tue May  5 05:27:11 UTC 2026: Daily automated update for DevSync compliance.
Wed May  6 05:42:15 UTC 2026: Daily automated update for DevSync compliance.
Thu May  7 05:45:11 UTC 2026: Daily automated update for DevSync compliance.
Fri May  8 05:15:20 UTC 2026: Daily automated update for DevSync compliance.
Sat May  9 05:34:07 UTC 2026: Daily automated update for DevSync compliance.
Sun May 10 05:48:20 UTC 2026: Daily automated update for DevSync compliance.
Mon May 11 06:12:28 UTC 2026: Daily automated update for DevSync compliance.
Tue May 12 05:51:12 UTC 2026: Daily automated update for DevSync compliance.
Wed May 13 06:01:44 UTC 2026: Daily automated update for DevSync compliance.
Thu May 14 06:01:04 UTC 2026: Daily automated update for DevSync compliance.
Fri May 15 06:08:04 UTC 2026: Daily automated update for DevSync compliance.
Sat May 16 05:38:59 UTC 2026: Daily automated update for DevSync compliance.
Sun May 17 06:00:04 UTC 2026: Daily automated update for DevSync compliance.
Mon May 18 06:37:02 UTC 2026: Daily automated update for DevSync compliance.
Tue May 19 06:31:59 UTC 2026: Daily automated update for DevSync compliance.
Wed May 20 06:31:41 UTC 2026: Daily automated update for DevSync compliance.
Thu May 21 06:33:29 UTC 2026: Daily automated update for DevSync compliance.
Fri May 22 06:30:35 UTC 2026: Daily automated update for DevSync compliance.
Sat May 23 05:51:25 UTC 2026: Daily automated update for DevSync compliance.
Sun May 24 06:21:04 UTC 2026: Daily automated update for DevSync compliance.
Mon May 25 06:51:28 UTC 2026: Daily automated update for DevSync compliance.
Tue May 26 06:30:10 UTC 2026: Daily automated update for DevSync compliance.
Wed May 27 06:44:53 UTC 2026: Daily automated update for DevSync compliance.
Thu May 28 06:36:19 UTC 2026: Daily automated update for DevSync compliance.
Fri May 29 06:37:23 UTC 2026: Daily automated update for DevSync compliance.
Sat May 30 06:00:03 UTC 2026: Daily automated update for DevSync compliance.
Sun May 31 06:39:15 UTC 2026: Daily automated update for DevSync compliance.
Mon Jun  1 07:28:19 UTC 2026: Daily automated update for DevSync compliance.
Tue Jun  2 07:06:57 UTC 2026: Daily automated update for DevSync compliance.
